c:\users\san34\desktop\2018_summer\project\music_simulation_3d\cse5542-lab1-solution\demoframework\debug\vc141.pdb
c:\users\san34\desktop\2018_summer\project\music_simulation_3d\cse5542-lab1-solution\demoframework\debug\vc141.idb
c:\users\san34\desktop\2018_summer\project\music_simulation_3d\cse5542-lab1-solution\demoframework\debug\color.obj
c:\users\san34\desktop\2018_summer\project\music_simulation_3d\cse5542-lab1-solution\demoframework\debug\lightmanager.obj
c:\users\san34\desktop\2018_summer\project\music_simulation_3d\cse5542-lab1-solution\demoframework\debug\matrixstack.obj
c:\users\san34\desktop\2018_summer\project\music_simulation_3d\cse5542-lab1-solution\demoframework\debug\nullcommand.obj
c:\users\san34\desktop\2018_summer\project\music_simulation_3d\cse5542-lab1-solution\demoframework\debug\cube.obj
c:\users\san34\desktop\2018_summer\project\music_simulation_3d\cse5542-lab1-solution\demoframework\debug\shaderconstantmatrix4.obj
c:\users\san34\desktop\2018_summer\project\music_simulation_3d\cse5542-lab1-solution\demoframework\debug\texturebindmanager.obj
c:\users\san34\desktop\2018_summer\project\music_simulation_3d\cse5542-lab1-solution\demoframework\debug\materialmanager.obj
c:\users\san34\desktop\2018_summer\project\music_simulation_3d\cse5542-lab1-solution\demoframework\debug\modelmanager.obj
c:\users\san34\desktop\2018_summer\project\music_simulation_3d\cse5542-lab1-solution\demoframework\debug\rendermanager.obj
c:\users\san34\desktop\2018_summer\project\music_simulation_3d\cse5542-lab1-solution\demoframework\debug\renderstate.obj
c:\users\san34\desktop\2018_summer\project\music_simulation_3d\cse5542-lab1-solution\demoframework\debug\texparam2dnomipmap.obj
c:\users\san34\desktop\2018_summer\project\music_simulation_3d\cse5542-lab1-solution\demoframework\debug\texparammipmap.obj
c:\users\san34\desktop\2018_summer\project\music_simulation_3d\cse5542-lab1-solution\debug\demoframework.exe
c:\users\san34\desktop\2018_summer\project\music_simulation_3d\cse5542-lab1-solution\debug\demoframework.ilk
c:\users\san34\desktop\2018_summer\project\music_simulation_3d\cse5542-lab1-solution\debug\demoframework.pdb
c:\users\san34\desktop\2018_summer\project\music_simulation_3d\cse5542-lab1-solution\demoframework\debug\demoframework.tlog\cl.command.1.tlog
c:\users\san34\desktop\2018_summer\project\music_simulation_3d\cse5542-lab1-solution\demoframework\debug\demoframework.tlog\cl.read.1.tlog
c:\users\san34\desktop\2018_summer\project\music_simulation_3d\cse5542-lab1-solution\demoframework\debug\demoframework.tlog\cl.write.1.tlog
c:\users\san34\desktop\2018_summer\project\music_simulation_3d\cse5542-lab1-solution\demoframework\debug\demoframework.tlog\link.command.1.tlog
c:\users\san34\desktop\2018_summer\project\music_simulation_3d\cse5542-lab1-solution\demoframework\debug\demoframework.tlog\link.read.1.tlog
c:\users\san34\desktop\2018_summer\project\music_simulation_3d\cse5542-lab1-solution\demoframework\debug\demoframework.tlog\link.write.1.tlog
